2022-09-25 16:50:14,971 INFO  (null) Lifetime - Application started. Press Ctrl+C to shut down. 
2022-09-25 16:50:15,014 INFO  (null) Lifetime - Hosting environment: Production 
2022-09-25 16:50:15,017 INFO  (null) Lifetime - Content root path: K:\source\repos\GettingMessagesTelegram\src\bin\Debug\net6.0 
2022-09-25 16:50:15,435 INFO  (null) ChannelsService - Loggin by: Dmitry 
2022-09-25 16:52:47,384 INFO  (null) ChannelsService - 65060	Вот так мошенники пытаются заработать на мобилизации. Менеджеры Сбербанка в местах лишения свободы, а также с украинской территории переключились на новый бизнес.	Boris Rozhin 
2022-09-25 16:52:50,960 INFO  (null) ChannelsService - 65059	❗️По сообщению источника в Министерстве обороны РФ, во всех регионах отмечается высокая явка резервистов. 

В 11 регионах число прибывших резервистов уже превысило необходимый план. Идет большой наплыв добровольцев, как правило, отслуживших срочную службу и с боевым опытом. 

В свете проведенного вчера в Минобороны разбора полетов военкоматы работают по новым установкам, резервистов и добровольцев отсеивают по обозначенным критериям. 

Как мы уже сообщали сегодня, отмеченные кодами ВУС 998 и 999 не призываются в рамках частичной мобилизации, так маркируют тех, кто имеет военный билет, но не служил в армии, либо является ограниченно годным и не проходил военную подготовку. Если обладатели таких кодов и получают повестки, то отправляются домой прямо из военкомата. Такие кейсы мы тоже неоднократно разбирали.  

По факту призываются только запасники, способные выполнять боевые задачи, с востребованными военными специальностями, годные по состоянию здоровья, с наличием опыта военной службы, а также ветераны боевых действий. 

По данным источникам в МО, больше всего проблем сейчас возникает с теми запасниками, кто сам в свое время не пришел и не обновил данные о себе в военкомате. Например, если у кого-то ухудшилось состояние здоровья, изменился состав семьи, статус по образованию или специальности. Основная масса тех, кто ошибочно получает повестки, а потом возвращается домой, как раз из этой категории.

🤝 Подписаться на нас | Предложить фейк | Наш канал с аналитикой	Boris Rozhin 
2022-09-25 16:52:50,965 INFO  (null) ChannelsService - 65058	Берлин хочет запретить гражданам ЕС занимать должности в российских госкомпаниях. Соответствующее предложение содержится в предложениях ФРГ к новому пакету санкций ЕС против России. Считают, что это «стратегическая коррупция». Ладно. Как пишет Spiegel, чтобы кто-то вроде бывшего канцлера Герхарда Шредера больше не смог бы годами возглавлять наблюдательный совет российской нефтяной компании «Роснефть». Очень своевременно. Большинство россиян на такие предложения скажут только: "спасибо". Особенно сейчас.	Boris Rozhin 
2022-09-25 16:52:50,968 INFO  (null) ChannelsService - 65057		⁣ ⁣ 
2022-09-25 16:52:50,971 INFO  (null) ChannelsService - 65056		⁣ ⁣ 
2022-09-25 16:52:50,975 INFO  (null) ChannelsService - 65055	⚡️Что было уничтожено у ВСУ в районах Запорожья, Кривого Рога и ДНР - информация от МО РФ

Подписаться на Zvezdanews	⁣ ⁣ 
2022-09-25 16:52:50,977 INFO  (null) ChannelsService - 65054	Вчера специально для студентов магистратуры МГУ, обучающихся на программе "информационные и гибридные войны", читали лекции 👉известный военный эксперт Борис Рожин канал👨🏻‍✈️ColonelCassad и 🪖Кимановский Игорь Владимирович, военный корреспондент, советник главы ДНР. В обсуждениях особое внимание уделили информационному противоборству в агрессивной среде на базе западных социальных сетей и площадок, поговорили об использовании лучших практик OSINT, военной журналистике и разоблачении фейков на просторах интернета. 

👆Прекрасная возможность получить действительно ценные советы и рекомендации от топовых практиков информационного фронта, идейных профессионалов своего дела.	Boris Rozhin 
2022-09-25 16:52:50,980 INFO  (null) ChannelsService - 65053	Херсонская область полностью обеспечена российским газом на осенне-зимний период, сообщил Сальдо	Boris Rozhin 
2022-09-25 16:52:50,983 INFO  (null) ChannelsService - 65052	🇷🇺 Мобилизация в Крыму завершится в воскресенье, 25 сентября, - глава Крыма Сергей Аксенов 

"Слова благодарности крымчанам, которые выполнили свой долг, проявили мужество и пришли в военкоматы, чтобы присоединиться к Вооруженным силам России. Сегодня до конца дня мобилизационные мероприятия в Крыму будут завершены. Крымчане-добровольцы, которые встали на защиту Отечества, заслуживают особой гордости и уважения", - сообщил глава республики.	⁣ ⁣ 
2022-09-25 16:52:50,985 INFO  (null) ChannelsService - 65051		Boris Rozhin 
2022-09-25 16:52:50,987 INFO  (null) ChannelsService - 65050		Boris Rozhin 
2022-09-25 16:52:50,989 INFO  (null) ChannelsService - 65049		Boris Rozhin 
2022-09-25 16:52:50,991 INFO  (null) ChannelsService - 65048		Boris Rozhin 
2022-09-25 16:52:50,993 INFO  (null) ChannelsService - 65047		Boris Rozhin 
2022-09-25 16:52:50,995 INFO  (null) ChannelsService - 65046		Boris Rozhin 
2022-09-25 16:52:50,997 INFO  (null) ChannelsService - 65045		Boris Rozhin 
2022-09-25 16:52:51,000 INFO  (null) ChannelsService - 65044		Boris Rozhin 
2022-09-25 16:52:51,002 INFO  (null) ChannelsService - 65043		Boris Rozhin 
2022-09-25 16:52:51,005 INFO  (null) ChannelsService - 65042	🇺🇦🇷🇺Артиллеристы ЛНР выполняют боевые задачи вовремя проведения референдума о присоединении республики к России

Расчеты реактивных систем залпового огня БМ-21 "Град" артиллерийской бригады 2-го армейского корпуса ЛНР наносят удары по украинским позициям, обеспечивая безопасность проведения референдума.

Видео: @millnr

@anna_news	Boris Rozhin 
2022-09-25 16:52:51,007 INFO  (null) ChannelsService - 65041	‼️🇺🇸🇷🇺 ВАЖНО: Экс-глава разведки США сообщил о методах психвойны против России

Экс-глава разведуправления США Дэвид Шедд уверен, что США никогда не откажутся от попыток вмешательства во внутренние дела России. В материале Politiko он призывает продолжить "раскачивать" ситуацию в России и подрывать общественное доверие следующими методами:
▪️Расшатывать чувство гордости народа за свою страну путём внедрения мысли, что СВО превратила Россию в международного изгоя.
▪️Разжечь межнациональную рознь и внушить национальным меньшинствам, что их угнетают.
▪️Внедрить тезис о мобилизации представителей малых народов и о многочисленных жертвах среди них.
t.me/RVvoenkor	Boris Rozhin 
2022-09-25 16:52:51,009 INFO  (null) ChannelsService - 65040	⚡️Львовская администрация сообщает, что на днях был ликвидирован старший офицер 93 бригады ВСУ подполковник Матвейчук Валерий Анатольевич	Boris Rozhin 
2022-09-25 16:52:51,011 INFO  (null) ChannelsService - 65039		Boris Rozhin 
2022-09-25 16:52:51,013 INFO  (null) ChannelsService - 65038	⚡️В ДНР показали документы террористов, планировавших взрывы в республике во время референдума, все они проходили обучение в Польше и Чехии

Европу давно пора признать пособниками террористов.	Boris Rozhin 
2022-09-25 16:52:51,016 INFO  (null) ChannelsService - 65037	Владимир Орлов не первый год пишет о необходимости создания в ВС РФ мультидоменной среды. Между тем в США это уже перешло в стадию практической реализации.

https://t.me/poisk_mil/4531	Boris Rozhin 
2022-09-25 17:20:28,791 INFO  (null) ChannelsService - [null] 
2022-09-25 17:20:40,918 INFO  (null) Lifetime - Application started. Press Ctrl+C to shut down. 
2022-09-25 17:20:40,952 INFO  (null) Lifetime - Hosting environment: Production 
2022-09-25 17:20:40,955 INFO  (null) Lifetime - Content root path: K:\source\repos\GettingMessagesTelegram\src\bin\Debug\net6.0 
2022-09-25 17:20:41,369 INFO  (null) ChannelsService - Loggin by: Dmitry 
2022-09-25 17:20:42,800 INFO  (null) ChannelsService - 65060	Вот так мошенники пытаются заработать на мобилизации. Менеджеры Сбербанка в местах лишения свободы, а также с украинской территории переключились на новый бизнес.	Boris Rozhin 
2022-09-25 17:20:42,817 INFO  (null) ChannelsService - 65059	❗️По сообщению источника в Министерстве обороны РФ, во всех регионах отмечается высокая явка резервистов. 

В 11 регионах число прибывших резервистов уже превысило необходимый план. Идет большой наплыв добровольцев, как правило, отслуживших срочную службу и с боевым опытом. 

В свете проведенного вчера в Минобороны разбора полетов военкоматы работают по новым установкам, резервистов и добровольцев отсеивают по обозначенным критериям. 

Как мы уже сообщали сегодня, отмеченные кодами ВУС 998 и 999 не призываются в рамках частичной мобилизации, так маркируют тех, кто имеет военный билет, но не служил в армии, либо является ограниченно годным и не проходил военную подготовку. Если обладатели таких кодов и получают повестки, то отправляются домой прямо из военкомата. Такие кейсы мы тоже неоднократно разбирали.  

По факту призываются только запасники, способные выполнять боевые задачи, с востребованными военными специальностями, годные по состоянию здоровья, с наличием опыта военной службы, а также ветераны боевых действий. 

По данным источникам в МО, больше всего проблем сейчас возникает с теми запасниками, кто сам в свое время не пришел и не обновил данные о себе в военкомате. Например, если у кого-то ухудшилось состояние здоровья, изменился состав семьи, статус по образованию или специальности. Основная масса тех, кто ошибочно получает повестки, а потом возвращается домой, как раз из этой категории.

🤝 Подписаться на нас | Предложить фейк | Наш канал с аналитикой	Boris Rozhin 
2022-09-25 17:20:42,821 INFO  (null) ChannelsService - 65058	Берлин хочет запретить гражданам ЕС занимать должности в российских госкомпаниях. Соответствующее предложение содержится в предложениях ФРГ к новому пакету санкций ЕС против России. Считают, что это «стратегическая коррупция». Ладно. Как пишет Spiegel, чтобы кто-то вроде бывшего канцлера Герхарда Шредера больше не смог бы годами возглавлять наблюдательный совет российской нефтяной компании «Роснефть». Очень своевременно. Большинство россиян на такие предложения скажут только: "спасибо". Особенно сейчас.	Boris Rozhin 
2022-09-25 17:20:42,823 INFO  (null) ChannelsService - 65057		⁣ ⁣ 
2022-09-25 17:20:42,824 INFO  (null) ChannelsService - 65056		⁣ ⁣ 
2022-09-25 17:20:42,826 INFO  (null) ChannelsService - 65055	⚡️Что было уничтожено у ВСУ в районах Запорожья, Кривого Рога и ДНР - информация от МО РФ

Подписаться на Zvezdanews	⁣ ⁣ 
2022-09-25 17:20:42,828 INFO  (null) ChannelsService - 65054	Вчера специально для студентов магистратуры МГУ, обучающихся на программе "информационные и гибридные войны", читали лекции 👉известный военный эксперт Борис Рожин канал👨🏻‍✈️ColonelCassad и 🪖Кимановский Игорь Владимирович, военный корреспондент, советник главы ДНР. В обсуждениях особое внимание уделили информационному противоборству в агрессивной среде на базе западных социальных сетей и площадок, поговорили об использовании лучших практик OSINT, военной журналистике и разоблачении фейков на просторах интернета. 

👆Прекрасная возможность получить действительно ценные советы и рекомендации от топовых практиков информационного фронта, идейных профессионалов своего дела.	Boris Rozhin 
2022-09-25 17:20:42,831 INFO  (null) ChannelsService - 65053	Херсонская область полностью обеспечена российским газом на осенне-зимний период, сообщил Сальдо	Boris Rozhin 
2022-09-25 17:20:42,833 INFO  (null) ChannelsService - 65052	🇷🇺 Мобилизация в Крыму завершится в воскресенье, 25 сентября, - глава Крыма Сергей Аксенов 

"Слова благодарности крымчанам, которые выполнили свой долг, проявили мужество и пришли в военкоматы, чтобы присоединиться к Вооруженным силам России. Сегодня до конца дня мобилизационные мероприятия в Крыму будут завершены. Крымчане-добровольцы, которые встали на защиту Отечества, заслуживают особой гордости и уважения", - сообщил глава республики.	⁣ ⁣ 
2022-09-25 17:20:42,835 INFO  (null) ChannelsService - 65051		Boris Rozhin 
2022-09-25 17:20:42,836 INFO  (null) ChannelsService - 65050		Boris Rozhin 
2022-09-25 17:20:42,838 INFO  (null) ChannelsService - 65049		Boris Rozhin 
2022-09-25 17:20:42,840 INFO  (null) ChannelsService - 65048		Boris Rozhin 
2022-09-25 17:20:42,841 INFO  (null) ChannelsService - 65047		Boris Rozhin 
2022-09-25 17:20:42,843 INFO  (null) ChannelsService - 65046		Boris Rozhin 
2022-09-25 17:20:42,845 INFO  (null) ChannelsService - 65045		Boris Rozhin 
2022-09-25 17:20:42,847 INFO  (null) ChannelsService - 65044		Boris Rozhin 
2022-09-25 17:20:42,849 INFO  (null) ChannelsService - 65043		Boris Rozhin 
2022-09-25 17:20:42,852 INFO  (null) ChannelsService - 65042	🇺🇦🇷🇺Артиллеристы ЛНР выполняют боевые задачи вовремя проведения референдума о присоединении республики к России

Расчеты реактивных систем залпового огня БМ-21 "Град" артиллерийской бригады 2-го армейского корпуса ЛНР наносят удары по украинским позициям, обеспечивая безопасность проведения референдума.

Видео: @millnr

@anna_news	Boris Rozhin 
2022-09-25 17:20:42,854 INFO  (null) ChannelsService - 65041	‼️🇺🇸🇷🇺 ВАЖНО: Экс-глава разведки США сообщил о методах психвойны против России

Экс-глава разведуправления США Дэвид Шедд уверен, что США никогда не откажутся от попыток вмешательства во внутренние дела России. В материале Politiko он призывает продолжить "раскачивать" ситуацию в России и подрывать общественное доверие следующими методами:
▪️Расшатывать чувство гордости народа за свою страну путём внедрения мысли, что СВО превратила Россию в международного изгоя.
▪️Разжечь межнациональную рознь и внушить национальным меньшинствам, что их угнетают.
▪️Внедрить тезис о мобилизации представителей малых народов и о многочисленных жертвах среди них.
t.me/RVvoenkor	Boris Rozhin 
2022-09-25 17:20:42,857 INFO  (null) ChannelsService - 65040	⚡️Львовская администрация сообщает, что на днях был ликвидирован старший офицер 93 бригады ВСУ подполковник Матвейчук Валерий Анатольевич	Boris Rozhin 
2022-09-25 17:20:42,858 INFO  (null) ChannelsService - 65039		Boris Rozhin 
2022-09-25 17:20:42,861 INFO  (null) ChannelsService - 65038	⚡️В ДНР показали документы террористов, планировавших взрывы в республике во время референдума, все они проходили обучение в Польше и Чехии

Европу давно пора признать пособниками террористов.	Boris Rozhin 
2022-09-25 17:20:42,864 INFO  (null) ChannelsService - 65037	Владимир Орлов не первый год пишет о необходимости создания в ВС РФ мультидоменной среды. Между тем в США это уже перешло в стадию практической реализации.

https://t.me/poisk_mil/4531	Boris Rozhin 
2022-09-25 17:20:47,961 INFO  (null) ChannelsService - [null] 
2022-09-25 17:24:37,707 INFO  (null) ChannelsService - [null] 
