2022-09-23 23:00:02,887 INFO  (null) Lifetime - Application started. Press Ctrl+C to shut down. 
2022-09-23 23:00:02,928 INFO  (null) Lifetime - Hosting environment: Production 
2022-09-23 23:00:02,931 INFO  (null) Lifetime - Content root path: K:\source\repos\GettingMessagesTelegram\src\bin\Debug\net6.0 
2022-09-23 23:00:04,731 INFO  (null) Lifetime - Application is shutting down... 
2022-09-23 23:16:41,869 INFO  (null) Lifetime - Application started. Press Ctrl+C to shut down. 
2022-09-23 23:16:41,915 INFO  (null) Lifetime - Hosting environment: Production 
2022-09-23 23:16:41,917 INFO  (null) Lifetime - Content root path: K:\source\repos\GettingMessagesTelegram\src\bin\Debug\net6.0 
2022-09-23 23:16:42,282 INFO  (null) ChannelsService - Loggin by: Dmitry 
2022-09-23 23:16:42,699 INFO  (null) ChannelsService - found last exists message: 64920	2014. Я хотел избежать насилия и кровопролития.
2022. Иранские беспилотники на вооружении ВС РФ бомбят объекты НАТО в Одессе.	Boris Rozhin 
2022-09-23 23:16:43,118 INFO  (null) Lifetime - Application is shutting down... 
2022-09-23 23:16:43,124 INFO  (null) Worker - Application finished 
2022-09-23 23:16:54,238 INFO  (null) Lifetime - Application started. Press Ctrl+C to shut down. 
2022-09-23 23:16:54,275 INFO  (null) Lifetime - Hosting environment: Production 
2022-09-23 23:16:54,277 INFO  (null) Lifetime - Content root path: K:\source\repos\GettingMessagesTelegram\src\bin\Debug\net6.0 
2022-09-23 23:16:54,789 INFO  (null) ChannelsService - Loggin by: Dmitry 
2022-09-23 23:16:55,358 INFO  (null) ChannelsService - found last exists message: 64920	2014. Я хотел избежать насилия и кровопролития.
2022. Иранские беспилотники на вооружении ВС РФ бомбят объекты НАТО в Одессе.	Boris Rozhin 
2022-09-23 23:16:55,832 INFO  (null) Lifetime - Application is shutting down... 
2022-09-23 23:16:55,838 INFO  (null) Worker - Application finished 
2022-09-23 23:17:10,626 INFO  (null) Lifetime - Application started. Press Ctrl+C to shut down. 
2022-09-23 23:17:10,661 INFO  (null) Lifetime - Hosting environment: Production 
2022-09-23 23:17:10,663 INFO  (null) Lifetime - Content root path: K:\source\repos\GettingMessagesTelegram\src\bin\Debug\net6.0 
2022-09-23 23:17:11,026 INFO  (null) ChannelsService - Loggin by: Dmitry 
2022-09-23 23:17:11,473 INFO  (null) ChannelsService - 64920	2014. Я хотел избежать насилия и кровопролития.
2022. Иранские беспилотники на вооружении ВС РФ бомбят объекты НАТО в Одессе.	Boris Rozhin 
2022-09-23 23:17:38,469 INFO  (null) ChannelsService - 64919	Иранцы, буквально в восторге от новых видео с использованием их беспилотников.
Ведущий иранский тг-канал комментирует эпизод с демилитаризацией одесского порта:

__Гордость Ирана, наши беспилотники, управляемые Великой армией России, уничтожают опорные пункты НАТО в Одессе__	Boris Rozhin 
2022-09-23 23:18:09,132 INFO  (null) ChannelsService - 64918	Военный эксперт Борис Рожин об основных моментах в ходе специальной военной операции РФ на Украине на 22.55 мск 23.09.2022 г. специально для канала Vоенкор Котенок Z @voenkorKotenok:

1. В районе Красного Лимана противник продолжал давить на непосредственно Красный Лиман, Ямполь и Дробышево, а также предпринимал попытки обойти позиции наших войск через лесной массив у Святогорска и Яровой. Продолжаются серьезные бои.

2. В районе Оскола противник продолжал давить в направлении на Рубцы и Редкодуб. Цель довольно банальна — нарушить целостность фронта от Купянска до Красного Лимана и вынудить наши войска отойти к границам ЛНР с последующими попытками давить на Сватово.

3. В районе Купянска продолжились позиционные бои. К северу от Купянска противник пытался атаковать недалеко от границы, но понес потери и не преуспел. Тем не менее, продолжение тут наверняка последует.

4. В районе Артемовска «Группа Вагнера» продолжала штурмовать Зайцево и укрепы противника у трассы Артемовск—Дзержинск. 
В Соледаре — без изменений. 
Также продолжаются бои за развалины Спорного.

5. В районе Марьинки противник предпринял довольно мощную атаку. Понес потери, успеха не имел. На Угледарском и Авдеевском направлениях — без существенных изменений.

6. На Николаевском и Криворожском направлениях продолжались позиционные бои в районе Посад-Покровска и Сухого Ставка. 
Также продолжились бои у Ольгинки и Архангельского.

@voenkorKotenok	Boris Rozhin 
2022-09-23 23:18:59,147 INFO  (null) ChannelsService - 64917		Boris Rozhin 
2022-09-23 23:20:39,110 INFO  (null) ChannelsService - 64916		Boris Rozhin 
2022-09-23 23:20:42,483 INFO  (null) ChannelsService - 64915	Денежные выплаты военнослужащим в зоне СВО.

https://t.me/rybar	Boris Rozhin 
2022-09-23 23:21:31,458 INFO  (null) ChannelsService - [null] 
2022-09-23 23:21:32,409 INFO  (null) ChannelsService - 64914	‼️🇺🇦🏴‍☠️ Армия России продолжает наступление в ДНР и наносит удары с помощью БПЛА — главное из сводки генштаба ВСУ:

▪️ВС РФ продолжают сосредоточивать усилия на занятии всей территории Донецкой области.
▪️Армия России наступает в районах н.п. Спорное, Соледар, Бахмутское, Отрадовка, Курдюмовка, Зайцево, Майорск, Камянка, Авдеевка и Опытное.
▪️На отдельных направлениях российские войска проводят мероприятия по перегруппировке, вводят резервы, а также ведут воздушную разведку.
▪️ВС РФ нанесли 1 ракетный и 2 авиаудара, а также 15 обстрелов из РСЗО по объектам в районах 10 н.п., в частности - Печенеги, Яцковка, Яровая, Марьинка, Красногоровка, Белогоровка, Миролюбовка, Николаев, Сухой Ставок, Новогригоровка.
▪️ВС РФ нанесен авиаудар с помощью БПЛА по объекту в Одессе.
t.me/RVvoenkor/26823	Boris Rozhin 
2022-09-23 23:21:35,096 INFO  (null) ChannelsService - 64913	Если камни кошерные - я их возьму.

Стало известно, что Бельгия пролоббировала на уровне ЕС разрешение покупать российские алмазы несмотря на все публичные призывы бельгийского руководства о введении антироссийских санкций. 😀	Boris Rozhin 
2022-09-23 23:21:36,616 INFO  (null) ChannelsService - 64912	Явка в первый день голосования на референдумах о вступлении 4 регионов бывшей Украины в состав России:

ДНР - 23,64%
ЛНР - 21,97%
Запорожская область - 20,52%
Херсонская область - 15,31%

Впереди еще 4 дня голосования.
Совершенно очевидно, что явка будет достаточной.	Boris Rozhin 
2022-09-23 23:21:36,619 INFO  (null) ChannelsService - 64911	Вчера в районе Редкодуба состоялся редчайший бой, а именно украинский Хамви вступил в бой с нашим Тигром. Двигаясь параллельным курсом и мы и хохлы почти одновременно обнаружили друг друга. Хохлы открыли огонь с 1200 метров из крупнокалиберного Браунинга, мы ответили из Утёса. После короткой, но жаркой перестрелки, хохлы поставили дымы и ушли. По нашему Тигру попаданий не было, что там у хохлов,я точно не знаю, искры от падания в их Хамви были, по пробитиям и потерям ничего сказать не могу.	Boris Rozhin 
2022-09-23 23:21:36,623 INFO  (null) ChannelsService - 64910	📹Репортаж пресс-службы НМ ДНР - опровержение фейка об ССО и первый день референдума в Энергодаре

Несмотря на попытки украинских ИПСО  фейковыми роликами дестабилизировать ситуацию Энергодаре, работники ЗАЭС уверенно голосуют за вхождение в состав Российской Федерации.

Подписывайтесь на канал Народной милиции ДНР, чтобы увидеть войну нашими глазами	Boris Rozhin 
2022-09-23 23:21:36,626 INFO  (null) ChannelsService - 64909	Кадыров про уклонистов.

Я обращаюсь к тебе, уклонист. 
Ты можешь придумывать разные оправдания. Ты можешь сказать, что ты не поддерживаешь нынешнюю политику. Ты можешь придумать сказку, что тебе чужда идея войны и концепция оружия или что ты просто не приемлешь насилие. Но знай, ты всего лишь трус, предатель и человек второго сорта.

Когда ты нуждаешься в государстве, ты гражданин с большой буквы, требующий соблюдения твоих прав, и любишь тыкать пальцем во вторую главу Конституции России. Когда ты хочешь расширить свою зону комфорта, ты до мозга костей патриот. 

Но когда государству нужна твоя поддержка и тебе протягивают повестку, кто ты? Нет, ты не благодарный государству и верный народу защитник. Ты обычный трус, раб своей заячьей души, бросаешь родственников, друзей, знакомых, дом, город...
И никакие оправдания не смоют этот твой позор, уклонист. Ты даже трусость свою боишься признать.	Boris Rozhin 
2022-09-23 23:21:36,637 INFO  (null) ChannelsService - 64908	В Одессе БПЛА "Герань-2" поразил штаб ВМСУ.	Boris Rozhin 
2022-09-23 23:21:36,639 INFO  (null) ChannelsService - 64907	Раз пошла такая пьянка и сам Евгений Пригожин упомянул черный крест, то вставлю и я свои пять копеек по этому поводу ! На нашем ютуб канале есть видео,где я показывал эти награды в закрытых коробках . Я называл  их  черными крестами смерти ! Они так же известны в группе как "окопный крест" ! Название такое, потому как давали их за проведенные операции. Так выглядят первые кресты, которые получали бойцы группы , со временем кресты видоизменялись взависимости от локаций! Но первые, на мой взгляд, были самые удачные . С ОБРАТНОЙ СТОРОНЫ МЕДАЛИ  нанесена дата проведенной операции или боя ! Медаль  памятная , она не имеет ценности как госнаграда , но для участников тех или иных событий они намного важнее и дороже !	Boris Rozhin 
2022-09-23 23:21:36,642 INFO  (null) ChannelsService - 64906	Сообщают о нескольких ракетных прилетах по Алчевску. Также продолжаются обстрелы Донецка. Кроме смерти и террора Украине нечего предложить уходящим территориям.	Boris Rozhin 
2022-09-23 23:21:36,644 INFO  (null) ChannelsService - 64905	Мне тут приснилось, что было минимум три партии пленных.
Первая, это те кто мог двигаться самостоятельно.
Их привезли в Чкаловск. 
Вторую группу привезли туда же на следующий день.
Третья группа это в основном тяжёлые. Они летят в другое место прямо сейчас.
Общее количество мне не известно. Но это намного больше чем 55 человек.

Серёгами и Максом занялся хороший человек, с хорошими возможностями. Я не скажу, что с огромными, но он, по факту, единственный кто пришёл на помощь. 

И не парафиньте МО. 
МО к обменам никакого отношения не имеет.	Boris Rozhin 
2022-09-23 23:21:36,648 INFO  (null) ChannelsService - 64904	Цензура прокралась в Телеграм через Apple. На устройствах Apple перестал открывать канал журналиста RT Придыбайло https://t.me/rt_russian/128894, а также каналы Азаренка, Лебедева, Я/Мы ОМОН, Шкварка-Ньюс и еще ряд других.

Большой брат сам решит, кому и что положено читать.	Boris Rozhin 
2022-09-23 23:21:36,650 INFO  (null) ChannelsService - 64903	Боб Моран	Boris Rozhin 
2022-09-23 23:21:36,652 INFO  (null) ChannelsService - 64902	Работа по снаряжению агитационных снарядов бойцами группировки "V".	Boris Rozhin 
2022-09-23 23:21:36,653 INFO  (null) ChannelsService - 64901	Краткое объяснение, что нужно сделать с паспортом Украины после участия в референдуме. Проверено в Крыму - работает. 😀

https://t.me/oplottv/33542	Boris Rozhin 
2022-09-23 23:22:57,713 INFO  (null) ChannelsService - [null] 
2022-09-23 23:25:47,213 INFO  (null) Lifetime - Application started. Press Ctrl+C to shut down. 
2022-09-23 23:25:47,249 INFO  (null) Lifetime - Hosting environment: Production 
2022-09-23 23:25:47,252 INFO  (null) Lifetime - Content root path: K:\source\repos\GettingMessagesTelegram\src\bin\Debug\net6.0 
2022-09-23 23:25:47,616 INFO  (null) ChannelsService - Loggin by: Dmitry 
2022-09-23 23:25:47,949 INFO  (null) ChannelsService - 64920	2014. Я хотел избежать насилия и кровопролития.
2022. Иранские беспилотники на вооружении ВС РФ бомбят объекты НАТО в Одессе.	Boris Rozhin 
2022-09-23 23:25:47,966 INFO  (null) ChannelsService - 64919	Иранцы, буквально в восторге от новых видео с использованием их беспилотников.
Ведущий иранский тг-канал комментирует эпизод с демилитаризацией одесского порта:

__Гордость Ирана, наши беспилотники, управляемые Великой армией России, уничтожают опорные пункты НАТО в Одессе__	Boris Rozhin 
2022-09-23 23:25:47,968 INFO  (null) ChannelsService - 64918	Военный эксперт Борис Рожин об основных моментах в ходе специальной военной операции РФ на Украине на 22.55 мск 23.09.2022 г. специально для канала Vоенкор Котенок Z @voenkorKotenok:

1. В районе Красного Лимана противник продолжал давить на непосредственно Красный Лиман, Ямполь и Дробышево, а также предпринимал попытки обойти позиции наших войск через лесной массив у Святогорска и Яровой. Продолжаются серьезные бои.

2. В районе Оскола противник продолжал давить в направлении на Рубцы и Редкодуб. Цель довольно банальна — нарушить целостность фронта от Купянска до Красного Лимана и вынудить наши войска отойти к границам ЛНР с последующими попытками давить на Сватово.

3. В районе Купянска продолжились позиционные бои. К северу от Купянска противник пытался атаковать недалеко от границы, но понес потери и не преуспел. Тем не менее, продолжение тут наверняка последует.

4. В районе Артемовска «Группа Вагнера» продолжала штурмовать Зайцево и укрепы противника у трассы Артемовск—Дзержинск. 
В Соледаре — без изменений. 
Также продолжаются бои за развалины Спорного.

5. В районе Марьинки противник предпринял довольно мощную атаку. Понес потери, успеха не имел. На Угледарском и Авдеевском направлениях — без существенных изменений.

6. На Николаевском и Криворожском направлениях продолжались позиционные бои в районе Посад-Покровска и Сухого Ставка. 
Также продолжились бои у Ольгинки и Архангельского.

@voenkorKotenok	Boris Rozhin 
2022-09-23 23:25:47,979 INFO  (null) ChannelsService - 64917		Boris Rozhin 
2022-09-23 23:25:47,997 INFO  (null) ChannelsService - 64916		Boris Rozhin 
2022-09-23 23:25:47,999 INFO  (null) ChannelsService - 64915	Денежные выплаты военнослужащим в зоне СВО.

https://t.me/rybar	Boris Rozhin 
2022-09-23 23:25:53,689 INFO  (null) ChannelsService - [null] 
2022-09-23 23:26:32,010 INFO  (null) ChannelsService - [null] 
2022-09-23 23:26:42,491 INFO  (null) ChannelsService - 64914	‼️🇺🇦🏴‍☠️ Армия России продолжает наступление в ДНР и наносит удары с помощью БПЛА — главное из сводки генштаба ВСУ:

▪️ВС РФ продолжают сосредоточивать усилия на занятии всей территории Донецкой области.
▪️Армия России наступает в районах н.п. Спорное, Соледар, Бахмутское, Отрадовка, Курдюмовка, Зайцево, Майорск, Камянка, Авдеевка и Опытное.
▪️На отдельных направлениях российские войска проводят мероприятия по перегруппировке, вводят резервы, а также ведут воздушную разведку.
▪️ВС РФ нанесли 1 ракетный и 2 авиаудара, а также 15 обстрелов из РСЗО по объектам в районах 10 н.п., в частности - Печенеги, Яцковка, Яровая, Марьинка, Красногоровка, Белогоровка, Миролюбовка, Николаев, Сухой Ставок, Новогригоровка.
▪️ВС РФ нанесен авиаудар с помощью БПЛА по объекту в Одессе.
t.me/RVvoenkor/26823	Boris Rozhin 
2022-09-23 23:26:42,494 INFO  (null) ChannelsService - 64913	Если камни кошерные - я их возьму.

Стало известно, что Бельгия пролоббировала на уровне ЕС разрешение покупать российские алмазы несмотря на все публичные призывы бельгийского руководства о введении антироссийских санкций. 😀	Boris Rozhin 
2022-09-23 23:26:42,497 INFO  (null) ChannelsService - 64912	Явка в первый день голосования на референдумах о вступлении 4 регионов бывшей Украины в состав России:

ДНР - 23,64%
ЛНР - 21,97%
Запорожская область - 20,52%
Херсонская область - 15,31%

Впереди еще 4 дня голосования.
Совершенно очевидно, что явка будет достаточной.	Boris Rozhin 
2022-09-23 23:26:42,499 INFO  (null) ChannelsService - 64911	Вчера в районе Редкодуба состоялся редчайший бой, а именно украинский Хамви вступил в бой с нашим Тигром. Двигаясь параллельным курсом и мы и хохлы почти одновременно обнаружили друг друга. Хохлы открыли огонь с 1200 метров из крупнокалиберного Браунинга, мы ответили из Утёса. После короткой, но жаркой перестрелки, хохлы поставили дымы и ушли. По нашему Тигру попаданий не было, что там у хохлов,я точно не знаю, искры от падания в их Хамви были, по пробитиям и потерям ничего сказать не могу.	Boris Rozhin 
2022-09-23 23:26:42,501 INFO  (null) ChannelsService - 64910	📹Репортаж пресс-службы НМ ДНР - опровержение фейка об ССО и первый день референдума в Энергодаре

Несмотря на попытки украинских ИПСО  фейковыми роликами дестабилизировать ситуацию Энергодаре, работники ЗАЭС уверенно голосуют за вхождение в состав Российской Федерации.

Подписывайтесь на канал Народной милиции ДНР, чтобы увидеть войну нашими глазами	Boris Rozhin 
2022-09-23 23:26:42,503 INFO  (null) ChannelsService - 64909	Кадыров про уклонистов.

Я обращаюсь к тебе, уклонист. 
Ты можешь придумывать разные оправдания. Ты можешь сказать, что ты не поддерживаешь нынешнюю политику. Ты можешь придумать сказку, что тебе чужда идея войны и концепция оружия или что ты просто не приемлешь насилие. Но знай, ты всего лишь трус, предатель и человек второго сорта.

Когда ты нуждаешься в государстве, ты гражданин с большой буквы, требующий соблюдения твоих прав, и любишь тыкать пальцем во вторую главу Конституции России. Когда ты хочешь расширить свою зону комфорта, ты до мозга костей патриот. 

Но когда государству нужна твоя поддержка и тебе протягивают повестку, кто ты? Нет, ты не благодарный государству и верный народу защитник. Ты обычный трус, раб своей заячьей души, бросаешь родственников, друзей, знакомых, дом, город...
И никакие оправдания не смоют этот твой позор, уклонист. Ты даже трусость свою боишься признать.	Boris Rozhin 
2022-09-23 23:26:42,506 INFO  (null) ChannelsService - 64908	В Одессе БПЛА "Герань-2" поразил штаб ВМСУ.	Boris Rozhin 
2022-09-23 23:26:42,508 INFO  (null) ChannelsService - 64907	Раз пошла такая пьянка и сам Евгений Пригожин упомянул черный крест, то вставлю и я свои пять копеек по этому поводу ! На нашем ютуб канале есть видео,где я показывал эти награды в закрытых коробках . Я называл  их  черными крестами смерти ! Они так же известны в группе как "окопный крест" ! Название такое, потому как давали их за проведенные операции. Так выглядят первые кресты, которые получали бойцы группы , со временем кресты видоизменялись взависимости от локаций! Но первые, на мой взгляд, были самые удачные . С ОБРАТНОЙ СТОРОНЫ МЕДАЛИ  нанесена дата проведенной операции или боя ! Медаль  памятная , она не имеет ценности как госнаграда , но для участников тех или иных событий они намного важнее и дороже !	Boris Rozhin 
2022-09-23 23:26:42,512 INFO  (null) ChannelsService - 64906	Сообщают о нескольких ракетных прилетах по Алчевску. Также продолжаются обстрелы Донецка. Кроме смерти и террора Украине нечего предложить уходящим территориям.	Boris Rozhin 
2022-09-23 23:26:42,514 INFO  (null) ChannelsService - 64905	Мне тут приснилось, что было минимум три партии пленных.
Первая, это те кто мог двигаться самостоятельно.
Их привезли в Чкаловск. 
Вторую группу привезли туда же на следующий день.
Третья группа это в основном тяжёлые. Они летят в другое место прямо сейчас.
Общее количество мне не известно. Но это намного больше чем 55 человек.

Серёгами и Максом занялся хороший человек, с хорошими возможностями. Я не скажу, что с огромными, но он, по факту, единственный кто пришёл на помощь. 

И не парафиньте МО. 
МО к обменам никакого отношения не имеет.	Boris Rozhin 
2022-09-23 23:26:42,516 INFO  (null) ChannelsService - 64904	Цензура прокралась в Телеграм через Apple. На устройствах Apple перестал открывать канал журналиста RT Придыбайло https://t.me/rt_russian/128894, а также каналы Азаренка, Лебедева, Я/Мы ОМОН, Шкварка-Ньюс и еще ряд других.

Большой брат сам решит, кому и что положено читать.	Boris Rozhin 
2022-09-23 23:26:42,518 INFO  (null) ChannelsService - 64903	Боб Моран	Boris Rozhin 
2022-09-23 23:26:42,519 INFO  (null) ChannelsService - 64902	Работа по снаряжению агитационных снарядов бойцами группировки "V".	Boris Rozhin 
2022-09-23 23:26:42,521 INFO  (null) ChannelsService - 64901	Краткое объяснение, что нужно сделать с паспортом Украины после участия в референдуме. Проверено в Крыму - работает. 😀

https://t.me/oplottv/33542	Boris Rozhin 
2022-09-23 23:26:43,983 INFO  (null) ChannelsService - [null] 
